[6-2-2021 15:53:57][] [Alta: INSERT INTO Bomberos VALUES (null,'Miguel','Ramírez','192819181','1999-7-25','24')]
[6-2-2021 15:54:4][] [Consulta: SELECT * FROM bomberos]
[6-2-2021 16:4:25][] [Modificación: UPDATE vehiculos SET tipoVehiculo='Camión',matriculaVehiculo='1234567as',lugarEstacionamientoVehiculo='Parking',fechaCompraVehiculo='1-04-2014',precioVehiculo='65000.00' where idVehiculo=1]
[6-2-2021 16:4:33][] [Modificación: UPDATE vehiculos SET tipoVehiculo='Camión',matriculaVehiculo='1234567as',lugarEstacionamientoVehiculo='Parking',fechaCompraVehiculo='1-04-2014',precioVehiculo='65000.00' where idVehiculo=1]
[6-2-2021 16:4:45][] [Modificación: UPDATE vehiculos SET tipoVehiculo='Avioneta',matriculaVehiculo='0doelsi32',lugarEstacionamientoVehiculo='Aereopuerto',fechaCompraVehiculo='22-05-2013',precioVehiculo='792939.00' where idVehiculo=5]
[6-2-2021 16:4:55][] [Modificación: UPDATE vehiculos SET tipoVehiculo='Camión',matriculaVehiculo='1234567as',lugarEstacionamientoVehiculo='Parking',fechaCompraVehiculo='22-04-2014',precioVehiculo='65000.00' where idVehiculo=2]
[6-2-2021 16:5:2][] [Modificación: UPDATE vehiculos SET tipoVehiculo='Camión',matriculaVehiculo='1234567as',lugarEstacionamientoVehiculo='Parking',fechaCompraVehiculo='1-04-2014',precioVehiculo='65000.00' where idVehiculo=1]
[6-2-2021 16:5:12][] [Modificación: UPDATE vehiculos SET tipoVehiculo='Camión',matriculaVehiculo='1234567as',lugarEstacionamientoVehiculo='Parking',fechaCompraVehiculo='01-04-2014',precioVehiculo='65000.00' where idVehiculo=1]
[6-2-2021 16:5:16][] [Modificación: UPDATE vehiculos SET tipoVehiculo='Camión',matriculaVehiculo='1234567as',lugarEstacionamientoVehiculo='Parking',fechaCompraVehiculo='12-04-2014',precioVehiculo='65000.00' where idVehiculo=1]
[6-2-2021 16:5:23][] [Modificación: UPDATE vehiculos SET tipoVehiculo='Helicóptero',matriculaVehiculo='18dkeiso1',lugarEstacionamientoVehiculo='Helipuerto',fechaCompraVehiculo='14-02-2010',precioVehiculo='832000.00' where idVehiculo=4]
[6-2-2021 16:6:21][] [Modificación: UPDATE vehiculos SET tipoVehiculo='Camión',matriculaVehiculo='1234567as',lugarEstacionamientoVehiculo='Parking',fechaCompraVehiculo='01-04-2014',precioVehiculo='65000.00' where idVehiculo=1]
[6-2-2021 16:7:25][] [Modificación: UPDATE vehiculos SET tipoVehiculo='Camión',matriculaVehiculo='1234567as',lugarEstacionamientoVehiculo='Parking',fechaCompraVehiculo='12-04-2014',precioVehiculo='65000.00' where idVehiculo=2]
[6-2-2021 16:7:32][] [Modificación: UPDATE vehiculos SET tipoVehiculo='Avioneta',matriculaVehiculo='0doelsi32',lugarEstacionamientoVehiculo='Aereopuerto',fechaCompraVehiculo='1-05-2013',precioVehiculo='792939.00' where idVehiculo=5]
[6-2-2021 16:7:38][] [Modificación: UPDATE vehiculos SET tipoVehiculo='Camión',matriculaVehiculo='1234567as',lugarEstacionamientoVehiculo='Parking',fechaCompraVehiculo='1-04-2014',precioVehiculo='65000.00' where idVehiculo=2]
[6-2-2021 16:7:43][] [Modificación: UPDATE vehiculos SET tipoVehiculo='Camión',matriculaVehiculo='1234567as',lugarEstacionamientoVehiculo='Parking',fechaCompraVehiculo='2-04-2014',precioVehiculo='65000.00' where idVehiculo=1]
[6-2-2021 16:9:55][] [Modificación: UPDATE vehiculos SET tipoVehiculo='Camión',matriculaVehiculo='1234567as',lugarEstacionamientoVehiculo='Parking',fechaCompraVehiculo='21-04-2014',precioVehiculo='65000.00' where idVehiculo=1]
[6-2-2021 16:11:7][] [Modificación: UPDATE vehiculos SET tipoVehiculo='Camión',matriculaVehiculo='1234567as',lugarEstacionamientoVehiculo='Parking',fechaCompraVehiculo='11-04-2014',precioVehiculo='65000.00' where idVehiculo=1]
[6-2-2021 16:11:35][] [Modificación: UPDATE vehiculos SET tipoVehiculo='Camión',matriculaVehiculo='1234567as',lugarEstacionamientoVehiculo='Parking',fechaCompraVehiculo='2-04-2014',precioVehiculo='65000.00' where idVehiculo=1]
[6-2-2021 16:12:7][] [[ERROR] OPERACIÓN DENEGADA]
[6-2-2021 16:17:7][] [Modificación: UPDATE vehiculos SET tipoVehiculo='Camión',matriculaVehiculo='1234567as',lugarEstacionamientoVehiculo='Parking',fechaCompraVehiculo='11-04-2014',precioVehiculo='65000.00' where idVehiculo=1]
[6-2-2021 16:17:14][] [Modificación: UPDATE vehiculos SET tipoVehiculo='Helicóptero',matriculaVehiculo='18dkeiso1',lugarEstacionamientoVehiculo='Helipuerto',fechaCompraVehiculo='22-02-2010',precioVehiculo='832000.00' where idVehiculo=4]
[6-2-2021 16:18:25][] [Modificación: UPDATE vehiculos SET tipoVehiculo='Camión',matriculaVehiculo='1234567as',lugarEstacionamientoVehiculo='Parking',fechaCompraVehiculo='01-04-2014',precioVehiculo='65000.00' where idVehiculo=1]
[6-2-2021 16:18:30][] [Modificación: UPDATE vehiculos SET tipoVehiculo='Camión',matriculaVehiculo='1234567as',lugarEstacionamientoVehiculo='Parking',fechaCompraVehiculo='2-04-2014',precioVehiculo='65000.00' where idVehiculo=1]
[6-2-2021 16:18:56][] [Modificación: UPDATE vehiculos SET tipoVehiculo='Camión',matriculaVehiculo='1234567as',lugarEstacionamientoVehiculo='Parking',fechaCompraVehiculo='01-04-2014',precioVehiculo='65000.00' where idVehiculo=1]
[6-2-2021 16:18:59][] [Modificación: UPDATE vehiculos SET tipoVehiculo='Camión',matriculaVehiculo='1234567as',lugarEstacionamientoVehiculo='Parking',fechaCompraVehiculo='11-04-2014',precioVehiculo='65000.00' where idVehiculo=1]
[6-2-2021 16:19:27][] [Modificación: UPDATE vehiculos SET tipoVehiculo='Camión',matriculaVehiculo='1234567as',lugarEstacionamientoVehiculo='Parking',fechaCompraVehiculo='01-04-2014',precioVehiculo='65000.00' where idVehiculo=1]
[6-2-2021 16:19:37][] [Modificación: UPDATE vehiculos SET tipoVehiculo='Camión',matriculaVehiculo='1234567as',lugarEstacionamientoVehiculo='Parking',fechaCompraVehiculo='22-04-2014',precioVehiculo='65000.00' where idVehiculo=1]
[6-2-2021 16:19:45][] [Modificación: UPDATE vehiculos SET tipoVehiculo='Helicóptero',matriculaVehiculo='18dkeiso1',lugarEstacionamientoVehiculo='Helipuerto',fechaCompraVehiculo='12-02-2010',precioVehiculo='832000.00' where idVehiculo=4]
[6-2-2021 16:26:2][] [Modificación: UPDATE bomberos SET nombreBombero='Miguel',apellidosBombero='Ramirez',telefonoBombero='19282918',fechaNacimientoBombero='1997-05-05',idEscuadrillaFK='24' where idBombero=96]
[6-2-2021 16:26:4][] [Modificación: UPDATE bomberos SET nombreBombero='Miguel',apellidosBombero='Ramirez',telefonoBombero='19282918',fechaNacimientoBombero='1997-05-05',idEscuadrillaFK='24' where idBombero=96]
[6-2-2021 16:26:6][] [Modificación: UPDATE bomberos SET nombreBombero='Roma',apellidosBombero='Gallo',telefonoBombero='12346754',fechaNacimientoBombero='1980-10-05',idEscuadrillaFK='25' where idBombero=99]
[6-2-2021 16:26:11][] [Modificación: UPDATE bomberos SET nombreBombero='Miguel',apellidosBombero='Ramirez',telefonoBombero='19282918',fechaNacimientoBombero='1997-05-05',idEscuadrillaFK='24' where idBombero=96]
[6-2-2021 16:26:17][] [Modificación: UPDATE bomberos SET nombreBombero='Roma',apellidosBombero='Gallo',telefonoBombero='12346754',fechaNacimientoBombero='1980-10-05',idEscuadrillaFK='25' where idBombero=99]
[6-2-2021 16:27:12][] [Modificación: UPDATE bomberos SET nombreBombero='Migue',apellidosBombero='Ramirez',telefonoBombero='19282918',fechaNacimientoBombero='1997-05-05',idEscuadrillaFK='24' where idBombero=96]
[6-2-2021 16:27:23][] [Modificación: UPDATE bomberos SET nombreBombero='Migue',apellidosBombero='Ramirez',telefonoBombero='19282918',fechaNacimientoBombero='1997-05-05',idEscuadrillaFK='24' where idBombero=96]
[6-2-2021 16:28:10][] [Modificación: UPDATE bomberos SET nombreBombero='Migue',apellidosBombero='Ramirez',telefonoBombero='19282918',fechaNacimientoBombero='1997-05-05',idEscuadrillaFK='24' where idBombero=96]
[6-2-2021 16:31:39][] [Modificación: UPDATE bomberos SET nombreBombero='Migue',apellidosBombero='Ramirez',telefonoBombero='19282918',fechaNacimientoBombero='1997-05-15',idEscuadrillaFK='24' where idBombero=96]
[6-2-2021 16:31:42][] [Modificación: UPDATE bomberos SET nombreBombero='Migue',apellidosBombero='Ramirez',telefonoBombero='19282918',fechaNacimientoBombero='1997-05-1',idEscuadrillaFK='24' where idBombero=96]
[6-2-2021 16:31:55][] [Modificación: UPDATE bomberos SET nombreBombero='Miguel',apellidosBombero='Ramírez',telefonoBombero='91829182',fechaNacimientoBombero='1997-05-1',idEscuadrillaFK='25' where idBombero=102]
[6-2-2021 16:37:8][] [Modificación: UPDATE bomberos SET nombreBombero='Migue',apellidosBombero='Ramirez',telefonoBombero='19282918',fechaNacimientoBombero='1997-05-1',idEscuadrillaFK='24' where idBombero=96]
[6-2-2021 16:37:8][] [[ERROR] OPERACIÓN DENEGADA]
[6-2-2021 16:38:49][] [[ERROR] OPERACIÓN DENEGADA]
[6-2-2021 16:38:53][] [[ERROR] OPERACIÓN DENEGADA]
[6-2-2021 16:41:30][] [[ERROR] OPERACIÓN DENEGADA]
[6-2-2021 16:41:34][] [[ERROR] OPERACIÓN DENEGADA]
[6-2-2021 16:42:59][] [Modificación: UPDATE bomberos SET nombreBombero='Migue',apellidosBombero='Ramire',telefonoBombero='19282918',fechaNacimientoBombero='1997-05-01',idEscuadrillaFK='24' where idBombero=96]
[6-2-2021 16:42:59][] [[ERROR] OPERACIÓN DENEGADA]
[6-2-2021 16:43:8][] [[ERROR] OPERACIÓN DENEGADA]
[6-2-2021 16:43:11][] [[ERROR] OPERACIÓN DENEGADA]
[6-2-2021 16:44:44][] [Modificación: UPDATE bomberos SET nombreBombero='Miguel',apellidosBombero='Ramire',telefonoBombero='19282918',fechaNacimientoBombero='1997-05-01',idEscuadrillaFK='24' where idBombero=96]
[6-2-2021 16:44:44][] [[ERROR] OPERACIÓN DENEGADA]
[6-2-2021 16:50:28][] [Modificación: UPDATE bomberos SET nombreBombero='Miguele',apellidosBombero='Ramire',telefonoBombero='19282918',fechaNacimientoBombero='1997-05-01',idEscuadrillaFK='24' where idBombero=96]
[6-2-2021 16:50:37][] [[ERROR] OPERACIÓN DENEGADA]
[6-2-2021 16:51:1][] [Modificación: UPDATE bomberos SET nombreBombero='Miguelete',apellidosBombero='Ramire',telefonoBombero='19282918',fechaNacimientoBombero='1997-05-01',idEscuadrillaFK='24' where idBombero=96]
[6-2-2021 16:51:6][] [Modificación: UPDATE bomberos SET nombreBombero='Miguelete',apellidosBombero='Ramire',telefonoBombero='19282918',fechaNacimientoBombero='1997-05-01',idEscuadrillaFK='24' where idBombero=96]
[6-2-2021 16:51:53][] [Modificación: UPDATE bomberos SET nombreBombero='Miguelete',apellidosBombero='Ramire',telefonoBombero='19282918',fechaNacimientoBombero='1997-05-11',idEscuadrillaFK='24' where idBombero=96]
[6-2-2021 16:51:59][] [Modificación: UPDATE bomberos SET nombreBombero='Miguelete',apellidosBombero='Ramire',telefonoBombero='19282918',fechaNacimientoBombero='1997-05-11',idEscuadrillaFK='24' where idBombero=96]
[6-2-2021 16:52:10][] [[ERROR] OPERACIÓN DENEGADA]
[6-2-2021 16:52:27][] [[ERROR] OPERACIÓN DENEGADA]
[6-2-2021 16:52:32][] [Modificación: UPDATE bomberos SET nombreBombero='Miguelete',apellidosBombero='Ramire',telefonoBombero='19282918',fechaNacimientoBombero='1992-05-11',idEscuadrillaFK='24' where idBombero=96]
[6-2-2021 16:52:59][] [Modificación: UPDATE bomberos SET nombreBombero='Miguelete',apellidosBombero='Ramire',telefonoBombero='19282918',fechaNacimientoBombero='199-05-11',idEscuadrillaFK='24' where idBombero=96]
[6-2-2021 16:53:7][] [Modificación: UPDATE bomberos SET nombreBombero='Miguelete',apellidosBombero='Ramire',telefonoBombero='19282918',fechaNacimientoBombero='1993-05-11',idEscuadrillaFK='24' where idBombero=96]
[6-2-2021 16:54:4][] [[ERROR] OPERACIÓN DENEGADA]
[6-2-2021 16:54:13][] [[ERROR] OPERACIÓN DENEGADA]
[6-2-2021 16:54:29][] [[ERROR] OPERACIÓN DENEGADA]
[6-2-2021 16:54:44][] [[ERROR] OPERACIÓN DENEGADA]
[6-2-2021 16:55:2][] [Modificación: UPDATE bomberos SET nombreBombero='Miguelete',apellidosBombero='Ramire',telefonoBombero='19282918',fechaNacimientoBombero='1993-05-11',idEscuadrillaFK='24' where idBombero=96]
[6-2-2021 16:55:19][] [[ERROR] OPERACIÓN DENEGADA]
[6-2-2021 16:55:24][] [Modificación: UPDATE bomberos SET nombreBombero='Miguelete',apellidosBombero='Ramire',telefonoBombero='19282918',fechaNacimientoBombero='1993-05-11',idEscuadrillaFK='24' where idBombero=96]
[6-2-2021 16:56:36][] [Modificación: UPDATE bomberos SET nombreBombero='Miguelete',apellidosBombero='Ramire',telefonoBombero='19282918',fechaNacimientoBombero='1993-05-11',idEscuadrillaFK='24' where idBombero=96]
[6-2-2021 16:57:7][] [Modificación: UPDATE bomberos SET nombreBombero='Miguel',apellidosBombero='Ramirez',telefonoBombero='19282918',fechaNacimientoBombero='1993-05-11',idEscuadrillaFK='24' where idBombero=96]
[6-2-2021 16:57:20][] [Modificación: UPDATE bomberos SET nombreBombero='Miguel',apellidosBombero='Ramirez',telefonoBombero='19282918',fechaNacimientoBombero='1993-05-11',idEscuadrillaFK='24' where idBombero=96]
[6-2-2021 16:57:24][] [Modificación: UPDATE bomberos SET nombreBombero='Miguel',apellidosBombero='Ramirez',telefonoBombero='19282918',fechaNacimientoBombero='1993-05-11',idEscuadrillaFK='24' where idBombero=96]
[6-2-2021 16:57:34][] [Modificación: UPDATE bomberos SET nombreBombero='Miguel',apellidosBombero='Ramirez',telefonoBombero='19282918',fechaNacimientoBombero='1993-05-11',idEscuadrillaFK='24' where idBombero=96]
[6-2-2021 16:57:40][] [Modificación: UPDATE bomberos SET nombreBombero='Miguelo',apellidosBombero='Ramirez',telefonoBombero='19282918',fechaNacimientoBombero='1993-05-11',idEscuadrillaFK='24' where idBombero=96]
[6-2-2021 16:57:47][] [Modificación: UPDATE bomberos SET nombreBombero='Domingo',apellidosBombero='Domingue',telefonoBombero='192829182',fechaNacimientoBombero='1987-04-05',idEscuadrillaFK='24' where idBombero=97]
[6-2-2021 16:59:46][] [Modificación: UPDATE bomberos SET nombreBombero='Miguelo',apellidosBombero='Ramirez',telefonoBombero='19282918',fechaNacimientoBombero='1993-05-11',idEscuadrillaFK='24' where idBombero=96]
[6-2-2021 17:0:21][] [[ERROR] OPERACIÓN DENEGADA]
[6-2-2021 17:1:20][] [Modificación: UPDATE bomberos SET nombreBombero='Miguel',apellidosBombero='Ramirez',telefonoBombero='19282918',fechaNacimientoBombero='1993-05-11',idEscuadrillaFK='24' where idBombero=96]
[6-2-2021 17:1:27][] [Modificación: UPDATE bomberos SET nombreBombero='Miguelo',apellidosBombero='Ramirez',telefonoBombero='19282918',fechaNacimientoBombero='1993-05-11',idEscuadrillaFK='24' where idBombero=96]
[6-2-2021 17:1:32][] [Modificación: UPDATE bomberos SET nombreBombero='Miguel',apellidosBombero='Ramirez',telefonoBombero='19282918',fechaNacimientoBombero='1993-05-11',idEscuadrillaFK='24' where idBombero=96]
[6-2-2021 17:1:35][] [Modificación: UPDATE bomberos SET nombreBombero='Miguel',apellidosBombero='Ramirez',telefonoBombero='19282918',fechaNacimientoBombero='1993-05-11',idEscuadrillaFK='24' where idBombero=96]
[6-2-2021 17:2:50][] [[ERROR] OPERACIÓN DENEGADA]
[6-2-2021 17:3:0][] [Modificación: UPDATE bomberos SET nombreBombero='Miguel',apellidosBombero='Ramirez',telefonoBombero='19282918',fechaNacimientoBombero='1991-05-11',idEscuadrillaFK='24' where idBombero=96]
[6-2-2021 17:3:7][] [Modificación: UPDATE bomberos SET nombreBombero='Miguel',apellidosBombero='Ramirez',telefonoBombero='19282918',fechaNacimientoBombero='1994-05-11',idEscuadrillaFK='24' where idBombero=96]
[6-2-2021 17:3:14][] [Modificación: UPDATE bomberos SET nombreBombero='Miguel',apellidosBombero='Ramirez',telefonoBombero='19282918',fechaNacimientoBombero='1992-05-11',idEscuadrillaFK='24' where idBombero=96]
[6-2-2021 17:3:20][] [[ERROR] OPERACIÓN DENEGADA]
[6-2-2021 17:3:38][] [[ERROR] OPERACIÓN DENEGADA]
[6-2-2021 17:4:44][] [Modificación: UPDATE bomberos SET nombreBombero='Miguel',apellidosBombero='Ramirez',telefonoBombero='19282918',fechaNacimientoBombero='1991-05-11',idEscuadrillaFK='24' where idBombero=96]
[6-2-2021 17:4:54][] [Modificación: UPDATE bomberos SET nombreBombero='Miguel',apellidosBombero='Ramire',telefonoBombero='19282918',fechaNacimientoBombero='1990-05-11',idEscuadrillaFK='24' where idBombero=96]
[6-2-2021 17:5:0][] [Modificación: UPDATE bomberos SET nombreBombero='Julian',apellidosBombero='Julio',telefonoBombero='19281928',fechaNacimientoBombero='1991-04-01',idEscuadrillaFK='24' where idBombero=98]
[6-2-2021 17:5:37][] [Modificación: UPDATE escuadrillas SET numeroEscuadrilla='123dd',numeroComponentesEscuadrilla='12d' where idEscuadrilla=1]
[6-2-2021 17:11:5][] [Modificación: UPDATE escuadrillas SET numeroEscuadrilla='121',numeroComponentesEscuadrilla='12' where idEscuadrilla=1]
[6-2-2021 17:11:9][] [Modificación: UPDATE escuadrillas SET numeroEscuadrilla='122',numeroComponentesEscuadrilla='12' where idEscuadrilla=1]
[6-2-2021 17:11:46][] [Modificación: UPDATE escuadrillas SET numeroEscuadrilla='123',numeroComponentesEscuadrilla='122' where idEscuadrilla=1]
[6-2-2021 17:13:4][] [Modificación: UPDATE escuadrillas SET numeroEscuadrilla='122',numeroComponentesEscuadrilla='10' where idEscuadrilla=1]
[6-2-2021 17:14:50][] [Modificación: UPDATE escuadrillas SET numeroEscuadrilla='120',numeroComponentesEscuadrilla='12' where idEscuadrilla=1]
[6-2-2021 17:16:52][] [Modificación: UPDATE bomberos SET nombreBombero='Miguelo',apellidosBombero='Ramire',telefonoBombero='19282918',fechaNacimientoBombero='1990-05-11',idEscuadrillaFK='24' where idBombero=96]
[6-2-2021 17:16:59][] [Modificación: UPDATE bomberos SET nombreBombero='Miguelo n',apellidosBombero='Ramire',telefonoBombero='19282918',fechaNacimientoBombero='1990-05-11',idEscuadrillaFK='24' where idBombero=96]
[6-2-2021 17:18:51][] [Modificación: UPDATE escuadrillas SET numeroEscuadrilla='2',numeroComponentesEscuadrilla='13' where idEscuadrilla=28]
[6-2-2021 17:19:2][] [Modificación: UPDATE escuadrillas SET numeroEscuadrilla='2021',numeroComponentesEscuadrilla='13' where idEscuadrilla=28]
[6-2-2021 17:19:8][] [Modificación: UPDATE escuadrillas SET numeroEscuadrilla='1233',numeroComponentesEscuadrilla='12' where idEscuadrilla=1]
[6-2-2021 17:21:47][] [Modificación: UPDATE escuadrillas SET numeroEscuadrilla='1237',numeroComponentesEscuadrilla='12' where idEscuadrilla=1]
[6-2-2021 17:21:53][] [Modificación: UPDATE escuadrillas SET numeroEscuadrilla='1221',numeroComponentesEscuadrilla='123' where idEscuadrilla=29]
[6-2-2021 17:22:3][] [Modificación: UPDATE escuadrillas SET numeroEscuadrilla='123090',numeroComponentesEscuadrilla='12' where idEscuadrilla=24]
[6-2-2021 17:22:12][] [Modificación: UPDATE escuadrillas SET numeroEscuadrilla='909090',numeroComponentesEscuadrilla='12' where idEscuadrilla=1]
[6-2-2021 17:22:31][] [Modificación: UPDATE escuadrillas SET numeroEscuadrilla='012345',numeroComponentesEscuadrilla='12' where idEscuadrilla=1]
[6-2-2021 17:22:39][] [Modificación: UPDATE escuadrillas SET numeroEscuadrilla='012345',numeroComponentesEscuadrilla='12' where idEscuadrilla=1]
[6-2-2021 17:22:48][] [Modificación: UPDATE escuadrillas SET numeroEscuadrilla='012345',numeroComponentesEscuadrilla='12' where idEscuadrilla=24]
[6-2-2021 17:26:11][] [Modificación: UPDATE escuadrillas SET numeroEscuadrilla='12345',numeroComponentesEscuadrilla='12' where idEscuadrilla=1]
[6-2-2021 17:26:16][] [Modificación: UPDATE escuadrillas SET numeroEscuadrilla='1234',numeroComponentesEscuadrilla='12' where idEscuadrilla=1]
[6-2-2021 17:26:25][] [Modificación: UPDATE escuadrillas SET numeroEscuadrilla='1234',numeroComponentesEscuadrilla='12' where idEscuadrilla=1]
[6-2-2021 17:26:32][] [Modificación: UPDATE escuadrillas SET numeroEscuadrilla='1234',numeroComponentesEscuadrilla='12' where idEscuadrilla=24]
[6-2-2021 17:40:2][] [Modificación: UPDATE escuadrillas SET numeroEscuadrilla='123',numeroComponentesEscuadrilla='12' where idEscuadrilla=null]
[6-2-2021 17:40:7][] [Modificación: UPDATE escuadrillas SET numeroEscuadrilla='1234',numeroComponentesEscuadrilla='12' where idEscuadrilla=null]
[6-2-2021 17:40:22][] [Modificación: UPDATE escuadrillas SET numeroEscuadrilla='1230',numeroComponentesEscuadrilla='12' where idEscuadrilla=null]
[6-2-2021 17:40:28][] [Modificación: UPDATE escuadrillas SET numeroEscuadrilla='1230',numeroComponentesEscuadrilla='12' where idEscuadrilla=null]
[6-2-2021 17:40:35][] [Modificación: UPDATE escuadrillas SET numeroEscuadrilla='1230',numeroComponentesEscuadrilla='12' where idEscuadrilla=null]
[6-2-2021 17:40:38][] [Modificación: UPDATE escuadrillas SET numeroEscuadrilla='1234',numeroComponentesEscuadrilla='12' where idEscuadrilla=null]
[6-2-2021 17:40:44][] [Modificación: UPDATE escuadrillas SET numeroEscuadrilla='1230',numeroComponentesEscuadrilla='12' where idEscuadrilla=null]
[6-2-2021 17:40:51][] [Modificación: UPDATE escuadrillas SET numeroEscuadrilla='1230',numeroComponentesEscuadrilla='12' where idEscuadrilla=null]
[6-2-2021 17:41:17][] [Modificación: UPDATE escuadrillas SET numeroEscuadrilla='123',numeroComponentesEscuadrilla='12' where idEscuadrilla=null]
[6-2-2021 17:41:17][] [[ERROR] OPERACIÓN DENEGADA]
[6-2-2021 17:41:59][] [Modificación: UPDATE escuadrillas SET numeroEscuadrilla='123',numeroComponentesEscuadrilla='12' where idEscuadrilla=null]
[6-2-2021 17:42:31][] [Modificación: UPDATE escuadrillas SET numeroEscuadrilla='1231',numeroComponentesEscuadrilla='12' where idEscuadrilla=null]
[6-2-2021 17:42:31][] [[ERROR] OPERACIÓN DENEGADA]
[6-2-2021 17:42:55][] [Modificación: UPDATE escuadrillas SET numeroEscuadrilla='1234',numeroComponentesEscuadrilla='12' where idEscuadrilla=null]
[6-2-2021 17:43:34][] [Modificación: UPDATE escuadrillas SET numeroEscuadrilla='1234',numeroComponentesEscuadrilla='12' where idEscuadrilla=null]
[6-2-2021 17:43:38][] [Modificación: UPDATE escuadrillas SET numeroEscuadrilla='123',numeroComponentesEscuadrilla='12' where idEscuadrilla=null]
[6-2-2021 17:45:7][] [Modificación: UPDATE vehiculos SET tipoVehiculo='Camió',matriculaVehiculo='1234567as',lugarEstacionamientoVehiculo='Parking',fechaCompraVehiculo='01-04-2014',precioVehiculo='65000.00' where idVehiculo=1]
[6-2-2021 17:45:11][] [Modificación: UPDATE vehiculos SET tipoVehiculo='Camió',matriculaVehiculo='1234567as',lugarEstacionamientoVehiculo='Parking',fechaCompraVehiculo='01-04-2014',precioVehiculo='65000.00' where idVehiculo=1]
[6-2-2021 17:45:21][] [Modificación: UPDATE bomberos SET nombreBombero='Miguelo',apellidosBombero='Ramire',telefonoBombero='19282918',fechaNacimientoBombero='1990-05-11',idEscuadrillaFK='24' where idBombero=96]
[6-2-2021 17:45:28][] [Modificación: UPDATE bomberos SET nombreBombero='DomingOO',apellidosBombero='Domingue',telefonoBombero='192829182',fechaNacimientoBombero='1987-04-05',idEscuadrillaFK='24' where idBombero=97]
[6-2-2021 17:46:47][] [Modificación: UPDATE bomberos SET nombreBombero='Miguelo',apellidosBombero='RamireZ',telefonoBombero='19282918',fechaNacimientoBombero='1990-05-11',idEscuadrillaFK='24' where idBombero=96]
[6-2-2021 17:48:48][] [Modificación: UPDATE escuadrillas SET numeroEscuadrilla='123',numeroComponentesEscuadrilla='12' where idEscuadrilla=null]
[6-2-2021 17:53:23][] [Modificación: UPDATE escuadrillas SET numeroEscuadrilla='123',numeroComponentesEscuadrilla='12' where idEscuadrilla=24]
[6-2-2021 17:57:55][] [Modificación: UPDATE vehiculos SET tipoVehiculo='Camión',matriculaVehiculo='1234567as',lugarEstacionamientoVehiculo='Parking',fechaCompraVehiculo='01-04-2012',precioVehiculo='65000.00' where idVehiculo=null]
[6-2-2021 17:58:2][] [Modificación: UPDATE vehiculos SET tipoVehiculo='Camión',matriculaVehiculo='1234567as',lugarEstacionamientoVehiculo='Parking',fechaCompraVehiculo='01-04-2012',precioVehiculo='65000.00' where idVehiculo=null]
[6-2-2021 17:58:28][] [Modificación: UPDATE vehiculos SET tipoVehiculo='Camión',matriculaVehiculo='1234567as',lugarEstacionamientoVehiculo='Parking',fechaCompraVehiculo='01-04-2012',precioVehiculo='65000.00' where idVehiculo=2]
[6-2-2021 17:58:37][] [Modificación: UPDATE vehiculos SET tipoVehiculo='Avioneta',matriculaVehiculo='0doelsi32',lugarEstacionamientoVehiculo='Aereopuerto',fechaCompraVehiculo='01-05-2011',precioVehiculo='100.00' where idVehiculo=5]
[6-2-2021 18:14:0][] [Alta: INSERT INTO Bomberos VALUES (null,'Miguel','Ramirez','92819281','1999-01-10','24')]
[6-2-2021 19:51:26][administrador] [Nuevo acceso]
[6-2-2021 19:52:49][usuario] [Nuevo acceso]
[6-2-2021 19:53:8][usuario] [[ERROR] OPERACIÓN DENEGADA]
[6-2-2021 19:59:12][administrador] [Nuevo acceso]
[6-2-2021 20:0:30][administrador] [Nuevo acceso]
[6-2-2021 20:0:45][administrador] [Nuevo acceso]
[6-2-2021 20:1:16][administrador] [Nuevo acceso]
[6-2-2021 20:1:43][administrador] [Nuevo acceso]
[6-2-2021 20:3:20][administrador] [Nuevo acceso]
[6-2-2021 20:6:14][administrador] [Alta: INSERT INTO Bomberos VALUES (null,'Juan','Gómez Gijón','958508518','1997-05-25','28')]
[6-2-2021 20:6:50][administrador] [Consulta: SELECT * FROM bomberos]
[6-2-2021 20:8:55][administrador] [Nuevo acceso]
[6-2-2021 20:8:57][administrador] [Consulta: SELECT * FROM bomberos]
[6-2-2021 20:10:38][administrador] [Alta: INSERT INTO Vehiculos VALUES (null,'Moto','CBT2324','Parking','1999-3-12','12.000')]
[6-2-2021 20:11:21][administrador] [Modificación: UPDATE vehiculos SET tipoVehiculo='Camión',matriculaVehiculo='1234567as',lugarEstacionamientoVehiculo='Aparcamiento Especial',fechaCompraVehiculo='01-04-2012',precioVehiculo='65000.00' where idVehiculo=2]
[6-2-2021 20:11:26][administrador] [Consulta: SELECT * FROM vehiculos]
[6-2-2021 20:12:4][administrador] [Alta: INSERT INTO escuadrillas VALUES (null,'1112','10')]
[6-2-2021 20:12:16][administrador] [[ERROR] OPERACIÓN DENEGADA]
[6-2-2021 20:12:21][administrador] [Baja: DELETE FROM escuadrillas WHERE idEscuadrilla=30]
[6-2-2021 20:12:25][administrador] [[ERROR] OPERACIÓN DENEGADA]
[6-2-2021 20:23:5][] [Baja: DELETE FROM escuadrillas WHERE idEscuadrilla=28]
[6-2-2021 20:24:18][administrador] [Nuevo acceso]
[6-2-2021 20:24:38][administrador] [Consulta: SELECT * FROM escuadrillas]
[6-2-2021 20:24:59][usuario] [Nuevo acceso]
[6-2-2021 22:44:12][usuario] [Nuevo acceso]
[6-2-2021 22:44:35][administrador] [Nuevo acceso]
[6-2-2021 22:48:15][administrador] [Nuevo acceso]
[6-2-2021 22:48:30][administrador] [[ERROR] OPERACIÓN DENEGADA]
[6-2-2021 22:48:38][administrador] [[ERROR] OPERACIÓN DENEGADA]
[6-2-2021 22:48:51][administrador] [[ERROR] OPERACIÓN DENEGADA]
[6-2-2021 22:49:2][administrador] [Alta: INSERT INTO Bomberos VALUES (null,'Lucas ','Vázquez','123456789','1992-5-1','29')]
[6-2-2021 22:49:41][administrador] [Nuevo acceso]
[6-2-2021 22:49:57][administrador] [[ERROR] OPERACIÓN DENEGADA]
[6-2-2021 22:50:41][administrador] [Nuevo acceso]
[6-2-2021 22:50:56][administrador] [[ERROR] OPERACIÓN DENEGADA]
[6-2-2021 22:51:29][administrador] [Nuevo acceso]
[6-2-2021 22:51:45][administrador] [Alta: INSERT INTO Bomberos VALUES (null,'Julio','Zafra','987653627','1998-1-1','24')]
[6-2-2021 22:52:3][administrador] [[ERROR] OPERACIÓN DENEGADA]
[6-2-2021 22:52:14][administrador] [Alta: INSERT INTO Bomberos VALUES (null,'Benito','Camarón','425234232','1999-9-9','29')]
[6-2-2021 22:52:26][administrador] [[ERROR] OPERACIÓN DENEGADA]
[6-2-2021 22:53:19][administrador] [Nuevo acceso]
[6-2-2021 22:53:27][administrador] [Baja: DELETE FROM bomberos WHERE idBombero=115]
[6-2-2021 22:53:51][administrador] [Modificación: UPDATE bomberos SET nombreBombero='Julio',apellidosBombero='Zafrón',telefonoBombero='987653627',fechaNacimientoBombero='1998-01-01',idEscuadrillaFK='24' where idBombero=114]
[6-2-2021 22:53:57][administrador] [Modificación: UPDATE bomberos SET nombreBombero='Julio',apellidosBombero='Zafrón',telefonoBombero='987653627',fechaNacimientoBombero='1991-01-01',idEscuadrillaFK='24' where idBombero=114]
[6-2-2021 22:54:3][administrador] [Consulta: SELECT * FROM bomberos]
[6-2-2021 22:54:45][administrador] [Nuevo acceso]
[6-2-2021 22:55:9][administrador] [Alta: INSERT INTO Vehiculos VALUES (null,'Bicicleta','','Parking','1991-7-1','200')]
[6-2-2021 22:55:18][administrador] [Consulta: SELECT * FROM vehiculos]
[6-2-2021 22:56:8][administrador] [Consulta: SELECT * FROM bomberos]
[6-2-2021 22:56:17][administrador] [Baja: DELETE FROM escuadrillas WHERE idEscuadrilla=25]
[6-2-2021 22:56:20][administrador] [Consulta: SELECT * FROM bomberos]
[8-2-2021 8:20:55][administrador] [Nuevo acceso]
[8-2-2021 8:56:52][administrador] [Error- Acceso denegado.]
[8-2-2021 8:56:59][administrador] [Nuevo acceso]
[8-2-2021 8:57:6][administrador] [Error- Acceso denegado.]
[8-2-2021 8:57:11][administrador] [Nuevo acceso]
[8-2-2021 9:0:52][administrador] [Error- Acceso denegado.]
[8-2-2021 9:0:59][administrador] [Nuevo acceso]
[8-2-2021 11:35:50][administrador] [Error- Acceso denegado.]
[8-2-2021 11:35:55][administrador] [Error- Acceso denegado.]
[8-2-2021 11:35:59][administrador] [Nuevo acceso]
[8-2-2021 11:46:59][administrador] [Nuevo acceso]
[8-2-2021 11:49:41][h] [Error- Acceso denegado.]
[8-2-2021 11:49:54][administrador] [Nuevo acceso]
[8-2-2021 11:50:4][administrador] [[ERROR] OPERACIÓN DENEGADA]
[8-2-2021 11:58:21][administrador] [Nuevo acceso]
[8-2-2021 11:58:46][administrador] [[ERROR] OPERACIÓN DENEGADA]
[8-2-2021 11:58:56][administrador] [Alta: INSERT INTO Bomberos VALUES (null,'Ángel','Rubio Jiménez','987263728','1992-7-2','29')]
[8-2-2021 11:59:28][administrador] [Nuevo acceso]
[8-2-2021 11:59:51][administrador] [Nuevo acceso]
[8-2-2021 12:0:23][administrador] [Alta: INSERT INTO Bomberos VALUES (null,'Julio','Contreras','675462738','1982-6-2','24')]
[8-2-2021 12:0:52][administrador] [Alta: INSERT INTO Bomberos VALUES (null,'Pepe','Gotera','985748291','1982-2-2','24')]
[8-2-2021 12:1:0][administrador] [Consulta: SELECT * FROM bomberos]
[8-2-2021 12:1:14][administrador] [Nuevo acceso]
[8-2-2021 12:2:16][administrador] [ERROR- Acceso denegado.]
[8-2-2021 12:2:29][administrador] [ERROR- Acceso denegado.]
[8-2-2021 12:3:1][administrador] [ERROR- Acceso denegado.]
[8-2-2021 12:3:8][usuario] [Nuevo acceso]
[8-2-2021 12:4:1][administrador] [Nuevo acceso]
[8-2-2021 12:4:52][administrador] [[ERROR] OPERACIÓN DENEGADA]
[8-2-2021 12:6:1][administrador] [[ERROR] OPERACIÓN DENEGADA]
[8-2-2021 12:6:36][administrador] [Alta: INSERT INTO Bomberos VALUES (null,'Julia','Rodríguez','622171478','1997-10-31','24')]
[8-2-2021 12:8:18][administrador] [Baja: DELETE FROM bomberos WHERE idBombero=109]
[8-2-2021 12:9:4][administrador] [Baja: DELETE FROM bomberos WHERE idBombero=116]
[8-2-2021 12:9:56][administrador] [Modificación: UPDATE bomberos SET nombreBombero='Julia',apellidosBombero='Rodríguez',telefonoBombero='654282828',fechaNacimientoBombero='1997-10-31',idEscuadrillaFK='29' where idBombero=119]
[8-2-2021 12:10:29][administrador] [Consulta: SELECT * FROM bomberos]
[8-2-2021 12:12:21][administrador] [Nuevo acceso]
[8-2-2021 12:13:7][administrador] [Alta: INSERT INTO Vehiculos VALUES (null,'Furgoneta','CBT4432','Parking','2003-4-1','54.000')]
[8-2-2021 12:13:54][administrador] [[ERROR] OPERACIÓN DENEGADA]
[8-2-2021 12:14:6][administrador] [Baja: DELETE FROM vehiculos WHERE idVehiculo=4]
[8-2-2021 12:14:15][administrador] [Baja: DELETE FROM vehiculos WHERE idVehiculo=6]
[8-2-2021 12:14:20][administrador] [[ERROR] OPERACIÓN DENEGADA]
[8-2-2021 12:14:48][administrador] [Baja: DELETE FROM bomberos WHERE idBombero=112]
[8-2-2021 12:14:55][administrador] [[ERROR] OPERACIÓN DENEGADA]
[8-2-2021 12:15:2][administrador] [[ERROR] OPERACIÓN DENEGADA]
[8-2-2021 12:15:5][administrador] [[ERROR] OPERACIÓN DENEGADA]
[8-2-2021 12:16:43][administrador] [Nuevo acceso]
[8-2-2021 12:16:46][administrador] [Baja: DELETE FROM vehiculos WHERE idVehiculo=2]
[8-2-2021 12:17:51][administrador] [Modificación: UPDATE vehiculos SET tipoVehiculo='Furgón',matriculaVehiculo='19dk38ASD',lugarEstacionamientoVehiculo='Aparcamiento Especial',fechaCompraVehiculo='03-02-2013',precioVehiculo='52000.22' where idVehiculo=3]
[8-2-2021 12:18:28][administrador] [Nuevo acceso]
[8-2-2021 12:18:42][administrador] [Consulta: SELECT * FROM vehiculos]
[8-2-2021 12:21:12][administrador] [Nuevo acceso]
[8-2-2021 12:21:29][administrador] [Alta: INSERT INTO escuadrillas VALUES (null,'4432','20')]
[8-2-2021 12:22:28][administrador] [Baja: DELETE FROM escuadrillas WHERE idEscuadrilla=29]
[8-2-2021 12:23:26][administrador] [Modificación: UPDATE escuadrillas SET numeroEscuadrilla='123',numeroComponentesEscuadrilla='11' where idEscuadrilla=24]
[8-2-2021 12:23:43][administrador] [Consulta: SELECT * FROM escuadrillas]
[14-2-2021 10:46:53][administrador] [Nuevo acceso]
[14-2-2021 10:47:30][administrador] [Baja: DELETE FROM vehiculos WHERE idVehiculo=5]
[14-2-2021 10:52:1][administrador] [Nuevo acceso]
[14-2-2021 10:58:15][administrador] [Nuevo acceso]
[14-2-2021 10:59:40][administrador] [Nuevo acceso]
[14-2-2021 11:2:11][administrador] [Nuevo acceso]
[14-2-2021 11:2:34][administrador] [[ERROR] OPERACIÓN DENEGADA]
[14-2-2021 11:3:9][administrador] [Nuevo acceso]
[14-2-2021 11:3:30][administrador] [[ERROR] OPERACIÓN DENEGADA]
[14-2-2021 11:5:27][administrador] [Nuevo acceso]
[14-2-2021 11:5:54][administrador] [[ERROR] OPERACIÓN DENEGADA]
[14-2-2021 11:8:11][administrador] [Nuevo acceso]
[14-2-2021 11:8:37][administrador] [[ERROR] OPERACIÓN DENEGADA]
[14-2-2021 11:14:14][administrador] [Nuevo acceso]
[14-2-2021 11:14:23][administrador] [[ERROR] OPERACIÓN DENEGADA]
[14-2-2021 11:14:37][administrador] [[ERROR] OPERACIÓN DENEGADA]
[14-2-2021 11:15:14][administrador] [Nuevo acceso]
[14-2-2021 11:15:41][administrador] [Alta: INSERT INTO Vehiculos VALUES (null,'Coche','ADC1234','Parking','2020-2-2','20000','117')]
[14-2-2021 11:16:23][administrador] [Nuevo acceso]
[14-2-2021 11:21:6][administrador] [Nuevo acceso]
[14-2-2021 11:21:26][administrador] [[ERROR] OPERACIÓN DENEGADA]
[14-2-2021 11:21:35][administrador] [[ERROR] OPERACIÓN DENEGADA]
[14-2-2021 11:23:28][administrador] [Nuevo acceso]
[14-2-2021 11:24:1][administrador] [Nuevo acceso]
[14-2-2021 11:24:24][administrador] [Nuevo acceso]
[14-2-2021 11:24:53][administrador] [Nuevo acceso]
[14-2-2021 11:25:11][administrador] [Nuevo acceso]
[14-2-2021 11:25:28][administrador] [Nuevo acceso]
[14-2-2021 11:25:42][administrador] [Nuevo acceso]
[14-2-2021 11:25:55][administrador] [Nuevo acceso]
[14-2-2021 11:26:6][administrador] [[ERROR] OPERACIÓN DENEGADA]
[14-2-2021 11:26:14][administrador] [Modificación: UPDATE vehiculos SET tipoVehiculo='Furgón',matriculaVehiculo='19dk38ASD',lugarEstacionamientoVehiculo='Aparcamiento Especial',fechaCompraVehiculo='03-02-2013',precioVehiculo='52000.22',idBomberoFK='117' where idVehiculo=3]
[14-2-2021 11:26:19][administrador] [Modificación: UPDATE vehiculos SET tipoVehiculo='Furgón',matriculaVehiculo='19dk38ASD',lugarEstacionamientoVehiculo='Aparcamiento Especial',fechaCompraVehiculo='03-02-2013',precioVehiculo='52000.22',idBomberoFK='117' where idVehiculo=3]
[14-2-2021 11:26:22][administrador] [[ERROR] OPERACIÓN DENEGADA]
[14-2-2021 11:26:48][administrador] [Nuevo acceso]
[14-2-2021 11:26:56][administrador] [Consulta: SELECT * FROM vehiculos]
[14-2-2021 11:28:39][] [Consulta: SELECT * FROM vehiculos]
[14-2-2021 12:36:14][] [Consulta: SELECT * FROM vehiculos]
[14-2-2021 12:36:30][administrador] [Nuevo acceso]
[14-2-2021 13:36:58][administrador] [Nuevo acceso]
[14-2-2021 13:37:2][administrador] [Baja: DELETE FROM bomberos WHERE idBombero=123]
[14-2-2021 13:37:21][usuario] [Nuevo acceso]
[14-2-2021 13:37:29][usuario] [Alta: INSERT INTO escuadrillas VALUES (null,'12122','34')]
[14-2-2021 13:42:0][administrador] [Nuevo acceso]
[14-2-2021 13:42:48][administrador] [Alta: INSERT INTO Vehiculos VALUES (null,'Coche','CBT4321','Parking','2004-2-1','23000','121')]
[14-2-2021 13:45:6][administrador] [Modificación: UPDATE vehiculos SET tipoVehiculo='Bicicleta',matriculaVehiculo='',lugarEstacionamientoVehiculo='Garaje',fechaCompraVehiculo='01-07-1991',precioVehiculo='200.00',idBomberoFK='127' where idVehiculo=19]
[14-2-2021 13:45:41][administrador] [Consulta: SELECT * FROM vehiculos]
[14-2-2021 19:3:10][administrador] [Nuevo acceso]
[14-2-2021 19:4:29][administrador] [Nuevo acceso]
[14-2-2021 19:4:35][administrador] [Consulta: SELECT * FROM vehiculos]
[14-2-2021 19:4:47][administrador] [Consulta: SELECT * FROM vehiculos]
[14-2-2021 19:5:1][administrador] [Nuevo acceso]
[14-2-2021 19:5:12][administrador] [Baja: DELETE FROM bomberos WHERE idBombero=117]
[14-2-2021 19:5:16][administrador] [Consulta: SELECT * FROM vehiculos]
[14-2-2021 19:7:32][administrador] [Nuevo acceso]
[14-2-2021 19:26:36][administrador] [Nuevo acceso]
[14-2-2021 19:27:11][administrador] [[ERROR] OPERACIÓN DENEGADA]
[14-2-2021 19:27:41][administrador] [Modificación: UPDATE bomberos SET nombreBombero='Roberto',apellidosBombero='Ramírez',telefonoBombero='622171378',fechaNacimientoBombero='1999-01-05',idEscuadrillaFK='32' where idBombero=120]
[14-2-2021 19:33:34][administrador] [Nuevo acceso]
[14-2-2021 19:33:43][administrador] [[ERROR] OPERACIÓN DENEGADA]
[14-2-2021 19:34:15][administrador] [Nuevo acceso]
[14-2-2021 19:34:22][administrador] [[ERROR] OPERACIÓN DENEGADA]
[14-2-2021 19:35:9][administrador] [Nuevo acceso]
[14-2-2021 19:35:15][administrador] [[ERROR] OPERACIÓN DENEGADA]
[14-2-2021 19:35:30][administrador] [Nuevo acceso]
[14-2-2021 19:35:35][administrador] [[ERROR] OPERACIÓN DENEGADA]
[14-2-2021 19:36:2][administrador] [Nuevo acceso]
[14-2-2021 19:36:7][administrador] [[ERROR] OPERACIÓN DENEGADA]
[14-2-2021 19:36:25][administrador] [Nuevo acceso]
[14-2-2021 19:36:30][administrador] [[ERROR] OPERACIÓN DENEGADA]
[14-2-2021 19:37:43][administrador] [Modificación: UPDATE vehiculos SET tipoVehiculo='Coche',matriculaVehiculo='1234SES',lugarEstacionamientoVehiculo='Garaje',fechaCompraVehiculo='01-01-1999',precioVehiculo='20.00',idBomberoFK='120' where idVehiculo=17]
[14-2-2021 19:39:10][administrador] [Modificación: UPDATE escuadrillas SET numeroEscuadrilla='1234',numeroComponentesEscuadrilla='11' where idEscuadrilla=24]
[14-2-2021 19:40:50][administrador] [Consulta: SELECT * FROM bomberos]
[14-2-2021 19:44:18][] [Consulta: SELECT * FROM vehiculos]
[14-2-2021 19:46:42][administrador] [Consulta: SELECT * FROM escuadrillas]
[14-2-2021 19:53:33][] [Consulta: SELECT * FROM vehiculos]
[14-2-2021 19:53:45][administrador] [Nuevo acceso]
[14-2-2021 19:54:7][administrador] [Consulta: SELECT * FROM vehiculos]
[14-2-2021 19:56:16][administrador] [Nuevo acceso]
[14-2-2021 19:56:44][usuario] [Nuevo acceso]
[14-2-2021 19:57:4][administrador] [Nuevo acceso]
